<?xml version="1.0" encoding="UTF-8"?>
<testsuite xmlns:xsi="http://www.w3.org/2001/XMLSchema-instance" xsi:noNamespaceSchemaLocation="https://maven.apache.org/surefire/maven-surefire-plugin/xsd/surefire-test-report-3.0.xsd" version="3.0" name="runner.Runner" time="1.602" tests="5" errors="0" skipped="5" failures="0">
  <properties>
[...]
</properties>
  <testcase name="Verify Product Controller Scenario Functionalities" classname="Product Controller Functionality" time="0">
    <skipped message="The step &quot;I generate test random value&quot; is undefined. You can implement it using the snippet(s) below:&#10;&#10;@Given(&quot;I generate test random value&quot;)&#10;public void i_generate_test_random_value() {&#10;    // Write code here that turns the phrase above into concrete actions&#10;    throw new io.cucumber.java.PendingException();&#10;}&#10;&#10;&#10;Some other steps were also undefined:&#10;&#10;@When(&quot;I create a product with new  {int} and {string} and {string} and {double} and {int}&quot;)&#10;public void i_create_a_product_with_new_and_and_and_and(Integer int1, String string, String string2, Double double1, Integer int2) {&#10;    // Write code here that turns the phrase above into concrete actions&#10;    throw new io.cucumber.java.PendingException();&#10;}&#10;@Then(&quot;I verify product function after created&quot;)&#10;public void i_verify_product_function_after_created() {&#10;    // Write code here that turns the phrase above into concrete actions&#10;    throw new io.cucumber.java.PendingException();&#10;}&#10;@Then(&quot;I update product with {string} and {int} and {double}&quot;)&#10;public void i_update_product_with_and_and(String string, Integer int1, Double double1) {&#10;    // Write code here that turns the phrase above into concrete actions&#10;    throw new io.cucumber.java.PendingException();&#10;}&#10;@Then(&quot;I verify get after update product&quot;)&#10;public void i_verify_get_after_update_product() {&#10;    // Write code here that turns the phrase above into concrete actions&#10;    throw new io.cucumber.java.PendingException();&#10;}&#10;@Then(&quot;I delete product&quot;)&#10;public void i_delete_product() {&#10;    // Write code here that turns the phrase above into concrete actions&#10;    throw new io.cucumber.java.PendingException();&#10;}&#10;@Then(&quot;I get after delete product and verify statusCode {int}&quot;)&#10;public void i_get_after_delete_product_and_verify_statusCode(Integer int1) {&#10;    // Write code here that turns the phrase above into concrete actions&#10;    throw new io.cucumber.java.PendingException();&#10;}&#10;"/>
    <system-err><![CDATA[Mar 23, 2023 10:58:54 PM io.cucumber.core.options.CucumberPropertiesParser parse
WARNING: Passing commandline options via the property `cucumber.options` has been deprecatedin favour of explicitly using property names.
Please use these instead: [cucumber.ansi-colors.disabled, cucumber.execution.dry-run, cucumber.execution.limit, cucumber.execution.order, cucumber.execution.strict, cucumber.execution.wip, cucumber.features, cucumber.filter.name, cucumber.filter.tags, cucumber.glue, cucumber.object-factory, cucumber.plugin, cucumber.snippet-type]
Mar 23, 2023 10:58:54 PM io.cucumber.junit.Cucumber <init>
WARNING: By default Cucumber is running in --non-strict mode.
This default will change to --strict and --non-strict will be removed.
You can use --strict or @CucumberOptions(strict = true) to suppress this warning
SLF4J: Failed to load class "org.slf4j.impl.StaticLoggerBinder".
SLF4J: Defaulting to no-operation (NOP) logger implementation
SLF4J: See http://www.slf4j.org/codes.html#StaticLoggerBinder for further details.
]]></system-err>
  </testcase>
  <testcase name="Verify Product Controller Scenario Functionalities" classname="Product Controller Functionality" time="0">
    <skipped message="The step &quot;I generate test random value&quot; is undefined. You can implement it using the snippet(s) below:&#10;&#10;@Given(&quot;I generate test random value&quot;)&#10;public void i_generate_test_random_value() {&#10;    // Write code here that turns the phrase above into concrete actions&#10;    throw new io.cucumber.java.PendingException();&#10;}&#10;&#10;&#10;Some other steps were also undefined:&#10;&#10;@When(&quot;I create a product with new  {int} and {string} and {string} and {double} and {int}&quot;)&#10;public void i_create_a_product_with_new_and_and_and_and(Integer int1, String string, String string2, Double double1, Integer int2) {&#10;    // Write code here that turns the phrase above into concrete actions&#10;    throw new io.cucumber.java.PendingException();&#10;}&#10;@Then(&quot;I verify product function after created&quot;)&#10;public void i_verify_product_function_after_created() {&#10;    // Write code here that turns the phrase above into concrete actions&#10;    throw new io.cucumber.java.PendingException();&#10;}&#10;@Then(&quot;I update product with {string} and {int} and {double}&quot;)&#10;public void i_update_product_with_and_and(String string, Integer int1, Double double1) {&#10;    // Write code here that turns the phrase above into concrete actions&#10;    throw new io.cucumber.java.PendingException();&#10;}&#10;@Then(&quot;I verify get after update product&quot;)&#10;public void i_verify_get_after_update_product() {&#10;    // Write code here that turns the phrase above into concrete actions&#10;    throw new io.cucumber.java.PendingException();&#10;}&#10;@Then(&quot;I delete product&quot;)&#10;public void i_delete_product() {&#10;    // Write code here that turns the phrase above into concrete actions&#10;    throw new io.cucumber.java.PendingException();&#10;}&#10;@Then(&quot;I get after delete product and verify statusCode {int}&quot;)&#10;public void i_get_after_delete_product_and_verify_statusCode(Integer int1) {&#10;    // Write code here that turns the phrase above into concrete actions&#10;    throw new io.cucumber.java.PendingException();&#10;}&#10;"/>
  </testcase>
  <testcase name="Verify Product Controller Scenario Functionalities" classname="Product Controller Functionality" time="0">
    <skipped message="The step &quot;I generate test random value&quot; is undefined. You can implement it using the snippet(s) below:&#10;&#10;@Given(&quot;I generate test random value&quot;)&#10;public void i_generate_test_random_value() {&#10;    // Write code here that turns the phrase above into concrete actions&#10;    throw new io.cucumber.java.PendingException();&#10;}&#10;&#10;&#10;Some other steps were also undefined:&#10;&#10;@When(&quot;I create a product with new  {int} and {string} and {string} and {double} and {int}&quot;)&#10;public void i_create_a_product_with_new_and_and_and_and(Integer int1, String string, String string2, Double double1, Integer int2) {&#10;    // Write code here that turns the phrase above into concrete actions&#10;    throw new io.cucumber.java.PendingException();&#10;}&#10;@Then(&quot;I verify product function after created&quot;)&#10;public void i_verify_product_function_after_created() {&#10;    // Write code here that turns the phrase above into concrete actions&#10;    throw new io.cucumber.java.PendingException();&#10;}&#10;@Then(&quot;I update product with {string} and {int} and {double}&quot;)&#10;public void i_update_product_with_and_and(String string, Integer int1, Double double1) {&#10;    // Write code here that turns the phrase above into concrete actions&#10;    throw new io.cucumber.java.PendingException();&#10;}&#10;@Then(&quot;I verify get after update product&quot;)&#10;public void i_verify_get_after_update_product() {&#10;    // Write code here that turns the phrase above into concrete actions&#10;    throw new io.cucumber.java.PendingException();&#10;}&#10;@Then(&quot;I delete product&quot;)&#10;public void i_delete_product() {&#10;    // Write code here that turns the phrase above into concrete actions&#10;    throw new io.cucumber.java.PendingException();&#10;}&#10;@Then(&quot;I get after delete product and verify statusCode {int}&quot;)&#10;public void i_get_after_delete_product_and_verify_statusCode(Integer int1) {&#10;    // Write code here that turns the phrase above into concrete actions&#10;    throw new io.cucumber.java.PendingException();&#10;}&#10;"/>
  </testcase>
  <testcase name="Verify Product Controller Scenario Functionalities" classname="Product Controller Functionality" time="0">
    <skipped message="The step &quot;I generate test random value&quot; is undefined. You can implement it using the snippet(s) below:&#10;&#10;@Given(&quot;I generate test random value&quot;)&#10;public void i_generate_test_random_value() {&#10;    // Write code here that turns the phrase above into concrete actions&#10;    throw new io.cucumber.java.PendingException();&#10;}&#10;&#10;&#10;Some other steps were also undefined:&#10;&#10;@When(&quot;I create a product with new  {int} and {string} and {string} and {double} and {int}&quot;)&#10;public void i_create_a_product_with_new_and_and_and_and(Integer int1, String string, String string2, Double double1, Integer int2) {&#10;    // Write code here that turns the phrase above into concrete actions&#10;    throw new io.cucumber.java.PendingException();&#10;}&#10;@Then(&quot;I verify product function after created&quot;)&#10;public void i_verify_product_function_after_created() {&#10;    // Write code here that turns the phrase above into concrete actions&#10;    throw new io.cucumber.java.PendingException();&#10;}&#10;@Then(&quot;I update product with {string} and {int} and {double}&quot;)&#10;public void i_update_product_with_and_and(String string, Integer int1, Double double1) {&#10;    // Write code here that turns the phrase above into concrete actions&#10;    throw new io.cucumber.java.PendingException();&#10;}&#10;@Then(&quot;I verify get after update product&quot;)&#10;public void i_verify_get_after_update_product() {&#10;    // Write code here that turns the phrase above into concrete actions&#10;    throw new io.cucumber.java.PendingException();&#10;}&#10;@Then(&quot;I delete product&quot;)&#10;public void i_delete_product() {&#10;    // Write code here that turns the phrase above into concrete actions&#10;    throw new io.cucumber.java.PendingException();&#10;}&#10;@Then(&quot;I get after delete product and verify statusCode {int}&quot;)&#10;public void i_get_after_delete_product_and_verify_statusCode(Integer int1) {&#10;    // Write code here that turns the phrase above into concrete actions&#10;    throw new io.cucumber.java.PendingException();&#10;}&#10;"/>
  </testcase>
  <testcase name="Verify Product Controller Scenario Functionalities" classname="Product Controller Functionality" time="0">
    <skipped message="The step &quot;I generate test random value&quot; is undefined. You can implement it using the snippet(s) below:&#10;&#10;@Given(&quot;I generate test random value&quot;)&#10;public void i_generate_test_random_value() {&#10;    // Write code here that turns the phrase above into concrete actions&#10;    throw new io.cucumber.java.PendingException();&#10;}&#10;&#10;&#10;Some other steps were also undefined:&#10;&#10;@When(&quot;I create a product with new  {int} and {string} and {string} and {double} and {int}&quot;)&#10;public void i_create_a_product_with_new_and_and_and_and(Integer int1, String string, String string2, Double double1, Integer int2) {&#10;    // Write code here that turns the phrase above into concrete actions&#10;    throw new io.cucumber.java.PendingException();&#10;}&#10;@Then(&quot;I verify product function after created&quot;)&#10;public void i_verify_product_function_after_created() {&#10;    // Write code here that turns the phrase above into concrete actions&#10;    throw new io.cucumber.java.PendingException();&#10;}&#10;@Then(&quot;I update product with {string} and {int} and {double}&quot;)&#10;public void i_update_product_with_and_and(String string, Integer int1, Double double1) {&#10;    // Write code here that turns the phrase above into concrete actions&#10;    throw new io.cucumber.java.PendingException();&#10;}&#10;@Then(&quot;I verify get after update product&quot;)&#10;public void i_verify_get_after_update_product() {&#10;    // Write code here that turns the phrase above into concrete actions&#10;    throw new io.cucumber.java.PendingException();&#10;}&#10;@Then(&quot;I delete product&quot;)&#10;public void i_delete_product() {&#10;    // Write code here that turns the phrase above into concrete actions&#10;    throw new io.cucumber.java.PendingException();&#10;}&#10;@Then(&quot;I get after delete product and verify statusCode {int}&quot;)&#10;public void i_get_after_delete_product_and_verify_statusCode(Integer int1) {&#10;    // Write code here that turns the phrase above into concrete actions&#10;    throw new io.cucumber.java.PendingException();&#10;}&#10;"/>
  </testcase>
</testsuite>